2013Apr19-05:17:11
POST: array (
)


2013Apr19-05:17:18
POST: array (
)


2013Apr19-05:17:25
POST: array (
)


2013Apr19-05:17:30
POST: array (
)


2013Apr19-05:17:53
POST: array (
)


2013Apr19-05:17:58
POST: array (
)


2013Apr19-05:18:01
POST: array (
)


2013Apr19-05:18:03
POST: array (
  'csrftoken' => '5e3564b06821e7d6891f46206aea9621',
  'action' => 'process',
  'box' => '0',
  'cat_no' => '1',
  'cat0' => '2',
)


2013Apr19-05:18:09
POST: array (
  'csrftoken' => '5e3564b06821e7d6891f46206aea9621',
  'action' => 'process',
  'box' => '0',
  'cat_no' => '1',
  'cat0' => '29',
)


2013Apr19-05:18:17
POST: array (
  'csrftoken' => '5e3564b06821e7d6891f46206aea9621',
  'action' => 'process',
  'box' => '0',
  'cat_no' => '1',
  'cat0' => '127',
)


2013Apr19-05:18:19
POST: array (
  'csrftoken' => '5e3564b06821e7d6891f46206aea9621',
  'action' => 'process',
  'box' => '0',
  'cat_no' => '1',
  'cat0' => '122',
)


2013Apr19-05:18:22
POST: array (
  'csrftoken' => '5e3564b06821e7d6891f46206aea9621',
  'action' => 'process',
  'box' => '1',
  'cat_no' => '1',
  'cat0' => '122',
  'cat1' => '123',
)


2013Apr19-05:18:26
POST: array (
  'csrftoken' => '5e3564b06821e7d6891f46206aea9621',
  'action' => 'process',
  'box' => '',
  'cat_no' => '1',
  'cat0' => '122',
  'cat1' => '123',
  'submitit' => 'SELECT CATEGORY >>',
)


2013Apr19-05:18:27
POST: array (
)


2013Apr19-05:18:49
POST: array (
)


2013Apr19-05:34:00
POST: array (
)


2013Apr19-05:56:47
POST: array (
)


2013Apr19-05:58:13
POST: array (
)


2013Apr19-05:58:19
POST: array (
)


2013Apr19-05:58:22
POST: array (
  'csrftoken' => '5e3564b06821e7d6891f46206aea9621',
  'action' => 'process',
  'box' => '0',
  'cat_no' => '1',
  'cat0' => '29',
)


2013Apr19-05:58:24
POST: array (
  'csrftoken' => '5e3564b06821e7d6891f46206aea9621',
  'action' => 'process',
  'box' => '1',
  'cat_no' => '1',
  'cat0' => '29',
  'cat1' => '30',
)


2013Apr19-05:58:25
POST: array (
  'csrftoken' => '5e3564b06821e7d6891f46206aea9621',
  'action' => 'process',
  'box' => '1',
  'cat_no' => '1',
  'cat0' => '29',
  'cat1' => '36',
)


2013Apr19-05:58:32
POST: array (
  'csrftoken' => '5e3564b06821e7d6891f46206aea9621',
  'action' => 'process',
  'box' => '',
  'cat_no' => '1',
  'cat0' => '29',
  'cat1' => '36',
  'submitit' => 'SELECT CATEGORY >>',
)


2013Apr19-05:58:33
POST: array (
)


2013Apr19-05:59:59
POST: array (
)


2013Apr19-06:00:43
POST: array (
  'csrftoken' => '5e3564b06821e7d6891f46206aea9621',
  'uploadpicture' => 'Upload file',
)


2013Apr19-06:01:00
POST: array (
  'csrftoken' => '5e3564b06821e7d6891f46206aea9621',
  'uploadpicture' => 'Upload file',
)


2013Apr19-06:01:07
POST: array (
  'csrftoken' => '5e3564b06821e7d6891f46206aea9621',
  'x1' => 'NaN',
  'y1' => 'NaN',
  'x2' => 'NaN',
  'y2' => 'NaN',
  'w' => 'NaN',
  'h' => 'NaN',
  'upload_thumbnail' => 'Save Thumbnail',
)


2013Apr19-06:01:12
POST: array (
  'csrftoken' => '5e3564b06821e7d6891f46206aea9621',
  'title' => 'TEST TEST',
  'subtitle' => 'BLA BLA BLA',
  'description' => '<p>
	asdfasdfasff huuhdiin nom ene teereeee</p>
',
  'imgtype' => '1',
  'numimages' => '1',
  'atype' => '1',
  'minimum_bid' => '500',
  'shipping_cost' => '100',
  'with_reserve' => 'no',
  'reserve_price' => '0.00',
  'buy_now' => 'no',
  'increments' => '2',
  'customincrement' => '50',
  'start_now' => 'on',
  'a_starts' => '19-04-2013 05:58:33',
  'duration' => '2',
  'shipping' => '1',
  'shipping_terms' => '',
  'payment' => 
  array (
    0 => '0',
    1 => '1',
  ),
  'is_bold' => 'on',
  'autorelist' => '1',
  'action' => '2',
)


2013Apr19-06:01:22
POST: array (
  'csrftoken' => '5e3564b06821e7d6891f46206aea9621',
  'nick' => 'tsogoonoo',
  'password' => 'tsogoonoo',
  'action' => '3',
)


2013Apr19-06:03:44
POST: array (
)


2013Apr19-06:04:03
POST: array (
  'bid' => '',
  'seller_id' => '2',
  'title' => 'TEST TEST',
  'category' => '36',
  'id' => '1',
  'csrftoken' => '019a62a73f2951425756c0fd9094775a',
)


2013Apr19-06:04:11
POST: array (
  'csrftoken' => '019a62a73f2951425756c0fd9094775a',
  'bid' => '0.00',
  'password' => '1234567',
  'id' => '1',
  'action' => 'bid',
  'Input' => 'Confirm bid',
)


2013Apr19-06:04:21
POST: array (
  'csrftoken' => '019a62a73f2951425756c0fd9094775a',
  'bid' => '550',
  'password' => '1234567',
  'id' => '1',
  'action' => 'bid',
  'Input' => 'Confirm bid',
)


2013Apr19-06:42:44
POST: array (
)


2013May13-07:59:34
POST: array (
)


2013May13-07:59:57
POST: array (
)


2013May13-07:59:59
POST: array (
)


2013May13-08:00:05
POST: array (
)


2013May13-08:00:06
POST: array (
)


2013May13-08:00:08
POST: array (
)


2013May13-08:00:09
POST: array (
)


2013May13-08:00:11
POST: array (
  'csrftoken' => '4e1e7854fd47840690a5e798c08bb7e4',
  'action' => 'process',
  'box' => '0',
  'cat_no' => '1',
  'cat0' => '29',
)


2013May13-08:00:13
POST: array (
  'csrftoken' => '4e1e7854fd47840690a5e798c08bb7e4',
  'action' => 'process',
  'box' => '1',
  'cat_no' => '1',
  'cat0' => '29',
  'cat1' => '30',
)


2013May13-08:00:16
POST: array (
  'csrftoken' => '4e1e7854fd47840690a5e798c08bb7e4',
  'action' => 'process',
  'box' => '',
  'cat_no' => '1',
  'cat0' => '29',
  'cat1' => '30',
  'submitit' => 'SELECT CATEGORY >>',
)


2013May13-08:00:18
POST: array (
)


2013May13-08:01:12
POST: array (
  'csrftoken' => '4e1e7854fd47840690a5e798c08bb7e4',
  'title' => 'ALL ANIMAL',
  'subtitle' => 'INFORMATION',
  'description' => '',
  'imgtype' => '1',
  'numimages' => '0',
  'atype' => '1',
  'minimum_bid' => '0.99',
  'shipping_cost' => '0.00',
  'with_reserve' => 'no',
  'reserve_price' => '0.00',
  'buy_now' => 'no',
  'increments' => '1',
  'customincrement' => '',
  'start_now' => 'on',
  'a_starts' => '13-05-2013 08:00:18',
  'duration' => '1',
  'shipping' => '1',
  'shipping_terms' => '',
  'payment' => 
  array (
    0 => '0',
    1 => '1',
  ),
  'autorelist' => '0',
  'action' => '2',
)


2013May13-08:01:25
POST: array (
  'csrftoken' => '4e1e7854fd47840690a5e798c08bb7e4',
  'title' => 'ALL ANIMAL',
  'subtitle' => 'INFORMATION',
  'description' => '<p>
	test</p>
',
  'imgtype' => '1',
  'numimages' => '0',
  'atype' => '1',
  'minimum_bid' => '0.99',
  'shipping_cost' => '0.00',
  'with_reserve' => 'no',
  'reserve_price' => '0.00',
  'buy_now' => 'no',
  'increments' => '1',
  'customincrement' => '',
  'start_now' => 'on',
  'a_starts' => '13-05-2013 08:00:18',
  'duration' => '1',
  'shipping' => '1',
  'shipping_terms' => '',
  'payment' => 
  array (
    0 => '0',
    1 => '1',
  ),
  'autorelist' => '0',
  'action' => '2',
)


2013May13-08:01:34
POST: array (
  'csrftoken' => '4e1e7854fd47840690a5e798c08bb7e4',
  'nick' => 'tsogoonoo',
  'password' => '123456',
  'action' => '3',
)


2013May13-08:02:12
POST: array (
  'bid' => '46',
  'seller_id' => '2',
  'title' => 'ALL ANIMAL',
  'category' => '30',
  'id' => '2',
  'csrftoken' => '4e1e7854fd47840690a5e798c08bb7e4',
)


2013May13-08:02:20
POST: array (
  'csrftoken' => '4e1e7854fd47840690a5e798c08bb7e4',
  'bid' => '46.00',
  'password' => '123456',
  'id' => '2',
  'action' => 'bid',
  'Input' => 'Confirm bid',
)


2013May13-08:02:27
POST: array (
)


2013May13-08:33:01
POST: array (
)


2013May13-08:33:07
POST: array (
)


2013May13-08:33:19
POST: array (
)


2013May13-08:33:23
POST: array (
)


2013May22-09:19:02
POST: array (
)


